[0m14:23:52.221603 [debug] [MainThread]: Sending event: {'category': 'dbt', 'action': 'invocation', 'label': 'start', 'context': [<snowplow_tracker.self_describing_json.SelfDescribingJson object at 0x000001EBBF47DDD0>, <snowplow_tracker.self_describing_json.SelfDescribingJson object at 0x000001EBC47A2E10>, <snowplow_tracker.self_describing_json.SelfDescribingJson object at 0x000001EBBF4728D0>]}


============================== 14:23:52.260287 | 6f9c76af-956a-4da9-939f-bf6fa7f5d9c0 ==============================
[0m14:23:52.260287 [info ] [MainThread]: Running with dbt=1.10.6
[0m14:23:52.261299 [debug] [MainThread]: running dbt with arguments {'printer_width': '80', 'indirect_selection': 'eager', 'write_json': 'True', 'log_cache_events': 'False', 'partial_parse': 'True', 'cache_selected_only': 'False', 'warn_error': 'None', 'version_check': 'True', 'debug': 'False', 'log_path': 'logs', 'profiles_dir': 'C:\\Users\\sudyr\\.dbt', 'fail_fast': 'False', 'use_colors': 'True', 'use_experimental_parser': 'False', 'empty': 'None', 'quiet': 'False', 'no_print': 'None', 'log_format': 'default', 'introspect': 'True', 'invocation_command': 'dbt init my_dbt_project', 'warn_error_options': 'WarnErrorOptionsV2(error=[], warn=[], silence=[])', 'target_path': 'None', 'static_parser': 'True', 'send_anonymous_usage_stats': 'True'}
[0m14:23:52.505444 [info ] [MainThread]: Creating dbt configuration folder at C:\Users\sudyr\.dbt
[0m14:23:52.522323 [debug] [MainThread]: Starter project path: E:\Study\VSCode_Codebase\GCP\DBT\dbt-env\Lib\site-packages\dbt\include\starter_project
[0m14:23:52.600136 [info ] [MainThread]: 
Your new dbt project "my_dbt_project" was created!

For more information on how to configure the profiles.yml file,
please consult the dbt documentation here:

  https://docs.getdbt.com/docs/configure-your-profile

One more thing:

Need help? Don't hesitate to reach out to us via GitHub issues or on Slack:

  https://community.getdbt.com/

Happy modeling!

[0m14:23:52.602180 [info ] [MainThread]: Setting up your profile.
[0m14:27:12.419223 [info ] [MainThread]: Profile my_dbt_project written to C:\Users\sudyr\.dbt\profiles.yml using target's profile_template.yml and your supplied values. Run 'dbt debug' to validate the connection.
[0m14:27:12.448084 [debug] [MainThread]: Command `dbt init` succeeded at 14:27:12.447081 after 200.41 seconds
[0m14:27:12.452771 [debug] [MainThread]: Sending event: {'category': 'dbt', 'action': 'invocation', 'label': 'end', 'context': [<snowplow_tracker.self_describing_json.SelfDescribingJson object at 0x000001EBC47D68D0>, <snowplow_tracker.self_describing_json.SelfDescribingJson object at 0x000001EBC47D7D10>, <snowplow_tracker.self_describing_json.SelfDescribingJson object at 0x000001EBBE7B2A50>]}
[0m14:27:12.455822 [debug] [MainThread]: Flushing usage events
[0m14:27:13.077653 [debug] [MainThread]: An error was encountered while trying to flush usage events
